{"/Users/kevinhu/Downloads/web-projects/SafeEats/frontend/src/App.jsx": {"path":"/Users/kevinhu/Downloads/web-projects/SafeEats/frontend/src/App.jsx","statementMap":{"0":{"start":{"line":10,"column":2},"end":{"line":17,"column":4}}},"fnMap":{"0":{"name":"App","decl":{"start":{"line":9,"column":9},"end":{"line":9,"column":12}},"loc":{"start":{"line":9,"column":15},"end":{"line":18,"column":1}},"line":9}},"branchMap":{},"s":{"0":0},"f":{"0":0},"b":{}}
,"/Users/kevinhu/Downloads/web-projects/SafeEats/frontend/src/main.jsx": {"path":"/Users/kevinhu/Downloads/web-projects/SafeEats/frontend/src/main.jsx","statementMap":{"0":{"start":{"line":7,"column":0},"end":{"line":12,"column":2}}},"fnMap":{},"branchMap":{},"s":{"0":0},"f":{},"b":{}}
,"/Users/kevinhu/Downloads/web-projects/SafeEats/frontend/src/components/HomePage.jsx": {"path":"/Users/kevinhu/Downloads/web-projects/SafeEats/frontend/src/components/HomePage.jsx","statementMap":{"0":{"start":{"line":7,"column":21},"end":{"line":7,"column":34}},"1":{"start":{"line":9,"column":27},"end":{"line":11,"column":5}},"2":{"start":{"line":10,"column":6},"end":{"line":10,"column":24}},"3":{"start":{"line":13,"column":4},"end":{"line":29,"column":6}}},"fnMap":{"0":{"name":"HomePage","decl":{"start":{"line":6,"column":9},"end":{"line":6,"column":17}},"loc":{"start":{"line":6,"column":20},"end":{"line":30,"column":3}},"line":6},"1":{"name":"(anonymous_1)","decl":{"start":{"line":9,"column":27},"end":{"line":9,"column":28}},"loc":{"start":{"line":9,"column":33},"end":{"line":11,"column":5}},"line":9}},"branchMap":{},"s":{"0":3,"1":3,"2":1,"3":3},"f":{"0":3,"1":1},"b":{},"_coverageSchema":"1a1c01bbd47fc00a2c39e90264f33305004495a9","hash":"20ee92d0695cdf8143db3cd8a115f704783b75a0"}
,"/Users/kevinhu/Downloads/web-projects/SafeEats/frontend/src/components/ScanPage.jsx": {"path":"/Users/kevinhu/Downloads/web-projects/SafeEats/frontend/src/components/ScanPage.jsx","statementMap":{"0":{"start":{"line":10,"column":2},"end":{"line":10,"column":38}},"1":{"start":{"line":11,"column":20},"end":{"line":11,"column":32}},"2":{"start":{"line":12,"column":20},"end":{"line":12,"column":32}},"3":{"start":{"line":13,"column":44},"end":{"line":13,"column":58}},"4":{"start":{"line":14,"column":42},"end":{"line":14,"column":56}},"5":{"start":{"line":16,"column":17},"end":{"line":21,"column":3}},"6":{"start":{"line":17,"column":4},"end":{"line":17,"column":27}},"7":{"start":{"line":18,"column":4},"end":{"line":18,"column":26}},"8":{"start":{"line":19,"column":4},"end":{"line":19,"column":30}},"9":{"start":{"line":20,"column":4},"end":{"line":20,"column":14}},"10":{"start":{"line":26,"column":18},"end":{"line":36,"column":3}},"11":{"start":{"line":28,"column":16},"end":{"line":28,"column":36}},"12":{"start":{"line":30,"column":4},"end":{"line":30,"column":42}},"13":{"start":{"line":33,"column":4},"end":{"line":35,"column":11}},"14":{"start":{"line":34,"column":6},"end":{"line":34,"column":18}},"15":{"start":{"line":38,"column":17},"end":{"line":102,"column":3}},"16":{"start":{"line":40,"column":4},"end":{"line":101,"column":5}},"17":{"start":{"line":41,"column":6},"end":{"line":98,"column":7}},"18":{"start":{"line":46,"column":8},"end":{"line":46,"column":49}},"19":{"start":{"line":48,"column":22},"end":{"line":48,"column":45}},"20":{"start":{"line":49,"column":27},"end":{"line":49,"column":61}},"21":{"start":{"line":50,"column":28},"end":{"line":50,"column":63}},"22":{"start":{"line":53,"column":8},"end":{"line":53,"column":51}},"23":{"start":{"line":54,"column":8},"end":{"line":54,"column":53}},"24":{"start":{"line":57,"column":8},"end":{"line":57,"column":45}},"25":{"start":{"line":58,"column":8},"end":{"line":58,"column":47}},"26":{"start":{"line":61,"column":20},"end":{"line":61,"column":43}},"27":{"start":{"line":62,"column":8},"end":{"line":62,"column":25}},"28":{"start":{"line":65,"column":20},"end":{"line":65,"column":54}},"29":{"start":{"line":68,"column":47},"end":{"line":68,"column":72}},"30":{"start":{"line":69,"column":8},"end":{"line":97,"column":9}},"31":{"start":{"line":70,"column":10},"end":{"line":70,"column":36}},"32":{"start":{"line":71,"column":26},"end":{"line":71,"column":51}},"33":{"start":{"line":72,"column":10},"end":{"line":72,"column":36}},"34":{"start":{"line":74,"column":24},"end":{"line":74,"column":37}},"35":{"start":{"line":75,"column":21},"end":{"line":75,"column":61}},"36":{"start":{"line":75,"column":52},"end":{"line":75,"column":60}},"37":{"start":{"line":77,"column":25},"end":{"line":77,"column":39}},"38":{"start":{"line":78,"column":10},"end":{"line":78,"column":41}},"39":{"start":{"line":80,"column":10},"end":{"line":96,"column":13}},"40":{"start":{"line":85,"column":12},"end":{"line":87,"column":13}},"41":{"start":{"line":86,"column":14},"end":{"line":86,"column":61}},"42":{"start":{"line":88,"column":12},"end":{"line":88,"column":35}},"43":{"start":{"line":91,"column":12},"end":{"line":91,"column":34}},"44":{"start":{"line":92,"column":12},"end":{"line":92,"column":42}},"45":{"start":{"line":95,"column":12},"end":{"line":95,"column":43}},"46":{"start":{"line":100,"column":6},"end":{"line":100,"column":57}},"47":{"start":{"line":104,"column":2},"end":{"line":104,"column":32}},"48":{"start":{"line":104,"column":17},"end":{"line":104,"column":26}},"49":{"start":{"line":106,"column":2},"end":{"line":183,"column":4}}},"fnMap":{"0":{"name":"ScanPage","decl":{"start":{"line":9,"column":9},"end":{"line":9,"column":17}},"loc":{"start":{"line":9,"column":20},"end":{"line":184,"column":1}},"line":9},"1":{"name":"(anonymous_1)","decl":{"start":{"line":16,"column":17},"end":{"line":16,"column":18}},"loc":{"start":{"line":16,"column":23},"end":{"line":21,"column":3}},"line":16},"2":{"name":"(anonymous_2)","decl":{"start":{"line":26,"column":18},"end":{"line":26,"column":19}},"loc":{"start":{"line":26,"column":30},"end":{"line":36,"column":3}},"line":26},"3":{"name":"(anonymous_3)","decl":{"start":{"line":33,"column":29},"end":{"line":33,"column":30}},"loc":{"start":{"line":33,"column":35},"end":{"line":35,"column":5}},"line":33},"4":{"name":"(anonymous_4)","decl":{"start":{"line":38,"column":17},"end":{"line":38,"column":18}},"loc":{"start":{"line":38,"column":32},"end":{"line":102,"column":3}},"line":38},"5":{"name":"(anonymous_5)","decl":{"start":{"line":75,"column":47},"end":{"line":75,"column":48}},"loc":{"start":{"line":75,"column":52},"end":{"line":75,"column":60}},"line":75},"6":{"name":"(anonymous_6)","decl":{"start":{"line":84,"column":16},"end":{"line":84,"column":17}},"loc":{"start":{"line":84,"column":28},"end":{"line":89,"column":11}},"line":84},"7":{"name":"(anonymous_7)","decl":{"start":{"line":90,"column":16},"end":{"line":90,"column":17}},"loc":{"start":{"line":90,"column":24},"end":{"line":93,"column":11}},"line":90},"8":{"name":"(anonymous_8)","decl":{"start":{"line":94,"column":17},"end":{"line":94,"column":18}},"loc":{"start":{"line":94,"column":28},"end":{"line":96,"column":11}},"line":94},"9":{"name":"(anonymous_9)","decl":{"start":{"line":104,"column":12},"end":{"line":104,"column":13}},"loc":{"start":{"line":104,"column":16},"end":{"line":104,"column":27}},"line":104}},"branchMap":{"0":{"loc":{"start":{"line":41,"column":6},"end":{"line":98,"column":7}},"type":"if","locations":[{"start":{"line":41,"column":6},"end":{"line":98,"column":7}},{"start":{},"end":{}}],"line":41},"1":{"loc":{"start":{"line":42,"column":8},"end":{"line":44,"column":48}},"type":"binary-expr","locations":[{"start":{"line":42,"column":8},"end":{"line":42,"column":48}},{"start":{"line":43,"column":8},"end":{"line":43,"column":34}},{"start":{"line":44,"column":8},"end":{"line":44,"column":48}}],"line":42},"2":{"loc":{"start":{"line":69,"column":8},"end":{"line":97,"column":9}},"type":"if","locations":[{"start":{"line":69,"column":8},"end":{"line":97,"column":9}},{"start":{},"end":{}}],"line":69},"3":{"loc":{"start":{"line":69,"column":12},"end":{"line":69,"column":195}},"type":"binary-expr","locations":[{"start":{"line":69,"column":12},"end":{"line":69,"column":37}},{"start":{"line":69,"column":41},"end":{"line":69,"column":72}},{"start":{"line":69,"column":76},"end":{"line":69,"column":106}},{"start":{"line":69,"column":110},"end":{"line":69,"column":135}},{"start":{"line":69,"column":139},"end":{"line":69,"column":165}},{"start":{"line":69,"column":169},"end":{"line":69,"column":195}}],"line":69},"4":{"loc":{"start":{"line":85,"column":12},"end":{"line":87,"column":13}},"type":"if","locations":[{"start":{"line":85,"column":12},"end":{"line":87,"column":13}},{"start":{},"end":{}}],"line":85},"5":{"loc":{"start":{"line":142,"column":7},"end":{"line":148,"column":14}},"type":"binary-expr","locations":[{"start":{"line":142,"column":7},"end":{"line":142,"column":20}},{"start":{"line":142,"column":24},"end":{"line":148,"column":14}}],"line":142},"6":{"loc":{"start":{"line":150,"column":7},"end":{"line":163,"column":14}},"type":"binary-expr","locations":[{"start":{"line":150,"column":7},"end":{"line":150,"column":19}},{"start":{"line":150,"column":23},"end":{"line":163,"column":14}}],"line":150},"7":{"loc":{"start":{"line":165,"column":7},"end":{"line":180,"column":17}},"type":"binary-expr","locations":[{"start":{"line":165,"column":7},"end":{"line":165,"column":19}},{"start":{"line":165,"column":23},"end":{"line":180,"column":17}}],"line":165}},"s":{"0":0,"1":0,"2":0,"3":0,"4":0,"5":0,"6":0,"7":0,"8":0,"9":0,"10":0,"11":0,"12":0,"13":0,"14":0,"15":0,"16":0,"17":0,"18":0,"19":0,"20":0,"21":0,"22":0,"23":0,"24":0,"25":0,"26":0,"27":0,"28":0,"29":0,"30":0,"31":0,"32":0,"33":0,"34":0,"35":0,"36":0,"37":0,"38":0,"39":0,"40":0,"41":0,"42":0,"43":0,"44":0,"45":0,"46":0,"47":0,"48":0,"49":0},"f":{"0":0,"1":0,"2":0,"3":0,"4":0,"5":0,"6":0,"7":0,"8":0,"9":0},"b":{"0":[0,0],"1":[0,0,0],"2":[0,0],"3":[0,0,0,0,0,0],"4":[0,0],"5":[0,0],"6":[0,0],"7":[0,0]},"_coverageSchema":"1a1c01bbd47fc00a2c39e90264f33305004495a9","hash":"a8a07f0862fab22bff49cd9de66d0d90fc04192b"}
,"/Users/kevinhu/Downloads/web-projects/SafeEats/frontend/src/utilities/drawRect.js": {"path":"/Users/kevinhu/Downloads/web-projects/SafeEats/frontend/src/utilities/drawRect.js","statementMap":{"0":{"start":{"line":1,"column":24},"end":{"line":33,"column":1}},"1":{"start":{"line":3,"column":2},"end":{"line":31,"column":3}},"2":{"start":{"line":6,"column":34},"end":{"line":6,"column":52}},"3":{"start":{"line":7,"column":17},"end":{"line":7,"column":36}},"4":{"start":{"line":10,"column":18},"end":{"line":10,"column":65}},"5":{"start":{"line":11,"column":4},"end":{"line":11,"column":33}},"6":{"start":{"line":12,"column":4},"end":{"line":12,"column":28}},"7":{"start":{"line":15,"column":4},"end":{"line":15,"column":20}},"8":{"start":{"line":16,"column":4},"end":{"line":16,"column":31}},"9":{"start":{"line":17,"column":4},"end":{"line":17,"column":29}},"10":{"start":{"line":18,"column":4},"end":{"line":18,"column":34}},"11":{"start":{"line":19,"column":4},"end":{"line":19,"column":17}},"12":{"start":{"line":21,"column":4},"end":{"line":30,"column":5}},"13":{"start":{"line":22,"column":6},"end":{"line":22,"column":35}},"14":{"start":{"line":25,"column":20},"end":{"line":25,"column":52}},"15":{"start":{"line":26,"column":6},"end":{"line":26,"column":26}},"16":{"start":{"line":27,"column":6},"end":{"line":27,"column":28}},"17":{"start":{"line":28,"column":6},"end":{"line":28,"column":88}},"18":{"start":{"line":29,"column":6},"end":{"line":29,"column":39}},"19":{"start":{"line":32,"column":2},"end":{"line":32,"column":22}}},"fnMap":{"0":{"name":"(anonymous_0)","decl":{"start":{"line":1,"column":24},"end":{"line":1,"column":25}},"loc":{"start":{"line":1,"column":52},"end":{"line":33,"column":1}},"line":1}},"branchMap":{"0":{"loc":{"start":{"line":21,"column":4},"end":{"line":30,"column":5}},"type":"if","locations":[{"start":{"line":21,"column":4},"end":{"line":30,"column":5}},{"start":{},"end":{}}],"line":21},"1":{"loc":{"start":{"line":21,"column":8},"end":{"line":21,"column":203}},"type":"binary-expr","locations":[{"start":{"line":21,"column":8},"end":{"line":21,"column":35}},{"start":{"line":21,"column":39},"end":{"line":21,"column":67}},{"start":{"line":21,"column":71},"end":{"line":21,"column":98}},{"start":{"line":21,"column":102},"end":{"line":21,"column":135}},{"start":{"line":21,"column":139},"end":{"line":21,"column":171}},{"start":{"line":21,"column":175},"end":{"line":21,"column":203}}],"line":21}},"s":{"0":2,"1":0,"2":0,"3":0,"4":0,"5":0,"6":0,"7":0,"8":0,"9":0,"10":0,"11":0,"12":0,"13":0,"14":0,"15":0,"16":0,"17":0,"18":0,"19":0},"f":{"0":0},"b":{"0":[0,0],"1":[0,0,0,0,0,0]},"_coverageSchema":"1a1c01bbd47fc00a2c39e90264f33305004495a9","hash":"6ecdd1e8cd671345485e73840ee90dbea06df701"}
}
